# JRE version: OpenJDK Runtime Environment (8.0_202-b03) (build 1.8.0_202-release-1483-b03)
# Java VM: OpenJDK 64-Bit Server VM (25.202-b03 mixed mode windows-amd64 compressed oops)
Heap:
 PSYoungGen      total 263680K, used 169429K [0x00000000e0000000, 0x00000000f2900000, 0x0000000100000000)
  eden space 237568K, 60% used [0x00000000e0000000,0x00000000e8bf5d68,0x00000000ee800000)
  from space 26112K, 99% used [0x00000000ef080000,0x00000000f09ff998,0x00000000f0a00000)
  to   space 31744K, 0% used [0x00000000f0a00000,0x00000000f0a00000,0x00000000f2900000)
 ParOldGen       total 123904K, used 41484K [0x00000000a0000000, 0x00000000a7900000, 0x00000000e0000000)
  object space 123904K, 33% used [0x00000000a0000000,0x00000000a28830b8,0x00000000a7900000)
 Metaspace       used 84426K, capacity 87424K, committed 87512K, reserved 1126400K
  class space    used 10843K, capacity 11485K, committed 11520K, reserved 1048576K
GC Heap History (10 events):
Event: 747.388 GC heap before
{Heap before GC invocations=16 (full 3):
 PSYoungGen      total 200704K, used 181760K [0x00000000e0000000, 0x00000000ee180000, 0x0000000100000000)
  eden space 181760K, 100% used [0x00000000e0000000,0x00000000eb180000,0x00000000eb180000)
  from space 18944K, 0% used [0x00000000ec400000,0x00000000ec400000,0x00000000ed680000)
  to   space 18944K, 0% used [0x00000000eb180000,0x00000000eb180000,0x00000000ec400000)
 ParOldGen       total 123904K, used 31859K [0x00000000a0000000, 0x00000000a7900000, 0x00000000e0000000)
  object space 123904K, 25% used [0x00000000a0000000,0x00000000a1f1cde8,0x00000000a7900000)
 Metaspace       used 63639K, capacity 65502K, committed 65624K, reserved 1105920K
  class space    used 8333K, capacity 8782K, committed 8832K, reserved 1048576K
Event: 747.410 GC heap after
Heap after GC invocations=16 (full 3):
 PSYoungGen      total 200704K, used 14707K [0x00000000e0000000, 0x00000000f0100000, 0x0000000100000000)
  eden space 181760K, 0% used [0x00000000e0000000,0x00000000e0000000,0x00000000eb180000)
  from space 18944K, 77% used [0x00000000eb180000,0x00000000ebfdcd80,0x00000000ec400000)
  to   space 19968K, 0% used [0x00000000eed80000,0x00000000eed80000,0x00000000f0100000)
 ParOldGen       total 123904K, used 31867K [0x00000000a0000000, 0x00000000a7900000, 0x00000000e0000000)
  object space 123904K, 25% used [0x00000000a0000000,0x00000000a1f1ede8,0x00000000a7900000)
 Metaspace       used 63639K, capacity 65502K, committed 65624K, reserved 1105920K
  class space    used 8333K, capacity 8782K, committed 8832K, reserved 1048576K
}
Event: 820.261 GC heap before
{Heap before GC invocations=17 (full 3):
 PSYoungGen      total 200704K, used 196467K [0x00000000e0000000, 0x00000000f0100000, 0x0000000100000000)
  eden space 181760K, 100% used [0x00000000e0000000,0x00000000eb180000,0x00000000eb180000)
  from space 18944K, 77% used [0x00000000eb180000,0x00000000ebfdcd80,0x00000000ec400000)
  to   space 19968K, 0% used [0x00000000eed80000,0x00000000eed80000,0x00000000f0100000)
 ParOldGen       total 123904K, used 31867K [0x00000000a0000000, 0x00000000a7900000, 0x00000000e0000000)
  object space 123904K, 25% used [0x00000000a0000000,0x00000000a1f1ede8,0x00000000a7900000)
 Metaspace       used 65845K, capacity 67808K, committed 67928K, reserved 1107968K
  class space    used 8555K, capacity 9015K, committed 9088K, reserved 1048576K
Event: 820.276 GC heap after
Heap after GC invocations=17 (full 3):
 PSYoungGen      total 232960K, used 15587K [0x00000000e0000000, 0x00000000efd80000, 0x0000000100000000)
  eden space 216576K, 0% used [0x00000000e0000000,0x00000000e0000000,0x00000000ed380000)
  from space 16384K, 95% used [0x00000000eed80000,0x00000000efcb8fc0,0x00000000efd80000)
  to   space 21504K, 0% used [0x00000000ed380000,0x00000000ed380000,0x00000000ee880000)
 ParOldGen       total 123904K, used 31875K [0x00000000a0000000, 0x00000000a7900000, 0x00000000e0000000)
  object space 123904K, 25% used [0x00000000a0000000,0x00000000a1f20de8,0x00000000a7900000)
 Metaspace       used 65845K, capacity 67808K, committed 67928K, reserved 1107968K
  class space    used 8555K, capacity 9015K, committed 9088K, reserved 1048576K
}
Event: 825.367 GC heap before
{Heap before GC invocations=18 (full 3):
 PSYoungGen      total 232960K, used 232163K [0x00000000e0000000, 0x00000000efd80000, 0x0000000100000000)
  eden space 216576K, 100% used [0x00000000e0000000,0x00000000ed380000,0x00000000ed380000)
  from space 16384K, 95% used [0x00000000eed80000,0x00000000efcb8fc0,0x00000000efd80000)
  to   space 21504K, 0% used [0x00000000ed380000,0x00000000ed380000,0x00000000ee880000)
 ParOldGen       total 123904K, used 31875K [0x00000000a0000000, 0x00000000a7900000, 0x00000000e0000000)
  object space 123904K, 25% used [0x00000000a0000000,0x00000000a1f20de8,0x00000000a7900000)
 Metaspace       used 69480K, capacity 71584K, committed 71640K, reserved 1112064K
  class space    used 8910K, capacity 9419K, committed 9472K, reserved 1048576K
Event: 825.392 GC heap after
Heap after GC invocations=18 (full 3):
 PSYoungGen      total 238080K, used 18312K [0x00000000e0000000, 0x00000000f2400000, 0x0000000100000000)
  eden space 216576K, 0% used [0x00000000e0000000,0x00000000e0000000,0x00000000ed380000)
  from space 21504K, 85% used [0x00000000ed380000,0x00000000ee562318,0x00000000ee880000)
  to   space 23040K, 0% used [0x00000000f0d80000,0x00000000f0d80000,0x00000000f2400000)
 ParOldGen       total 123904K, used 31883K [0x00000000a0000000, 0x00000000a7900000, 0x00000000e0000000)
  object space 123904K, 25% used [0x00000000a0000000,0x00000000a1f22de8,0x00000000a7900000)
 Metaspace       used 69480K, capacity 71584K, committed 71640K, reserved 1112064K
  class space    used 8910K, capacity 9419K, committed 9472K, reserved 1048576K
}
Event: 880.995 GC heap before
{Heap before GC invocations=19 (full 3):
 PSYoungGen      total 238080K, used 234888K [0x00000000e0000000, 0x00000000f2400000, 0x0000000100000000)
  eden space 216576K, 100% used [0x00000000e0000000,0x00000000ed380000,0x00000000ed380000)
  from space 21504K, 85% used [0x00000000ed380000,0x00000000ee562318,0x00000000ee880000)
  to   space 23040K, 0% used [0x00000000f0d80000,0x00000000f0d80000,0x00000000f2400000)
 ParOldGen       total 123904K, used 31883K [0x00000000a0000000, 0x00000000a7900000, 0x00000000e0000000)
  object space 123904K, 25% used [0x00000000a0000000,0x00000000a1f22de8,0x00000000a7900000)
 Metaspace       used 70418K, capacity 72704K, committed 72792K, reserved 1112064K
  class space    used 9001K, capacity 9521K, committed 9600K, reserved 1048576K
Event: 881.015 GC heap after
Heap after GC invocations=19 (full 3):
 PSYoungGen      total 268800K, used 21223K [0x00000000e0000000, 0x00000000f2380000, 0x0000000100000000)
  eden space 246272K, 0% used [0x00000000e0000000,0x00000000e0000000,0x00000000ef080000)
  from space 22528K, 94% used [0x00000000f0d80000,0x00000000f2239fa0,0x00000000f2380000)
  to   space 26112K, 0% used [0x00000000ef080000,0x00000000ef080000,0x00000000f0a00000)
 ParOldGen       total 123904K, used 31891K [0x00000000a0000000, 0x00000000a7900000, 0x00000000e0000000)
  object space 123904K, 25% used [0x00000000a0000000,0x00000000a1f24de8,0x00000000a7900000)
 Metaspace       used 70418K, capacity 72704K, committed 72792K, reserved 1112064K
  class space    used 9001K, capacity 9521K, committed 9600K, reserved 1048576K
}
Event: 889.153 GC heap before
{Heap before GC invocations=20 (full 3):
 PSYoungGen      total 268800K, used 267495K [0x00000000e0000000, 0x00000000f2380000, 0x0000000100000000)
  eden space 246272K, 100% used [0x00000000e0000000,0x00000000ef080000,0x00000000ef080000)
  from space 22528K, 94% used [0x00000000f0d80000,0x00000000f2239fa0,0x00000000f2380000)
  to   space 26112K, 0% used [0x00000000ef080000,0x00000000ef080000,0x00000000f0a00000)
 ParOldGen       total 123904K, used 31891K [0x00000000a0000000, 0x00000000a7900000, 0x00000000e0000000)
  object space 123904K, 25% used [0x00000000a0000000,0x00000000a1f24de8,0x00000000a7900000)
 Metaspace       used 80823K, capacity 83300K, committed 83544K, reserved 1122304K
  class space    used 10320K, capacity 10875K, committed 10880K, reserved 1048576K
Event: 889.192 GC heap after
Heap after GC invocations=20 (full 3):
 PSYoungGen      total 263680K, used 26110K [0x00000000e0000000, 0x00000000f2900000, 0x0000000100000000)
  eden space 237568K, 0% used [0x00000000e0000000,0x00000000e0000000,0x00000000ee800000)
  from space 26112K, 99% used [0x00000000ef080000,0x00000000f09ff998,0x00000000f0a00000)
  to   space 31744K, 0% used [0x00000000f0a00000,0x00000000f0a00000,0x00000000f2900000)
 ParOldGen       total 123904K, used 41484K [0x00000000a0000000, 0x00000000a7900000, 0x00000000e0000000)
  object space 123904K, 33% used [0x00000000a0000000,0x00000000a28830b8,0x00000000a7900000)
 Metaspace       used 80823K, capacity 83300K, committed 83544K, reserved 1122304K
  class space    used 10320K, capacity 10875K, committed 10880K, reserved 1048576K
}

